<?xml version="1.0" encoding="UTF-8"?>
<testsuite xmlns:xsi="http://www.w3.org/2001/XMLSchema-instance" xsi:noNamespaceSchemaLocation="https://maven.apache.org/surefire/maven-surefire-plugin/xsd/surefire-test-report-3.0.xsd" version="3.0" name="com.example.tests.BookingTests" time="13.904" tests="2" errors="0" skipped="0" failures="0">
  <properties>
[...]
</properties>
  <testcase name="createBooking" classname="com.example.tests.BookingTests" time="10.261">
    <system-out><![CDATA[Booking ID: 1533
First Name: Jim
]]></system-out>
  </testcase>
  <testcase name="getBookingById" classname="com.example.tests.BookingTests" time="2.139">
    <system-out><![CDATA[Response Body: {"firstname":"Jim","lastname":"Brown","totalprice":286,"depositpaid":true,"bookingdates":{"checkin":"2024-12-24","checkout":"2024-12-30"}}
]]></system-out>
  </testcase>
</testsuite>